c:\users\madhav\desktop\oop project\glfwwind\glfwwind\debug\vc141.pdb
c:\users\madhav\desktop\oop project\glfwwind\glfwwind\debug\vc141.idb
c:\users\madhav\desktop\oop project\glfwwind\glfwwind\debug\glad.obj
c:\users\madhav\desktop\oop project\glfwwind\glfwwind\debug\input.obj
c:\users\madhav\desktop\oop project\glfwwind\glfwwind\debug\main.obj
c:\users\madhav\desktop\oop project\glfwwind\glfwwind\debug\imgui_impl_glfw.obj
c:\users\madhav\desktop\oop project\glfwwind\glfwwind\debug\imgui.obj
c:\users\madhav\desktop\oop project\glfwwind\glfwwind\debug\imgui_widgets.obj
c:\users\madhav\desktop\oop project\glfwwind\glfwwind\debug\imgui_draw.obj
c:\users\madhav\desktop\oop project\glfwwind\glfwwind\debug\imgui_demo.obj
c:\users\madhav\desktop\oop project\glfwwind\glfwwind\debug\imgui_impl_opengl3.obj
c:\users\madhav\desktop\oop project\glfwwind\debug\glfwwind.ilk
c:\users\madhav\desktop\oop project\glfwwind\debug\glfwwind.exe
c:\users\madhav\desktop\oop project\glfwwind\debug\glfwwind.pdb
c:\users\madhav\desktop\oop project\glfwwind\glfwwind\debug\glfwwind.tlog\cl.command.1.tlog
c:\users\madhav\desktop\oop project\glfwwind\glfwwind\debug\glfwwind.tlog\cl.read.1.tlog
c:\users\madhav\desktop\oop project\glfwwind\glfwwind\debug\glfwwind.tlog\cl.write.1.tlog
c:\users\madhav\desktop\oop project\glfwwind\glfwwind\debug\glfwwind.tlog\link.command.1.tlog
c:\users\madhav\desktop\oop project\glfwwind\glfwwind\debug\glfwwind.tlog\link.read.1.tlog
c:\users\madhav\desktop\oop project\glfwwind\glfwwind\debug\glfwwind.tlog\link.write.1.tlog
